16:30:38.462 [main] INFO  utilities.Browser.SurveyFormReUsables - List Control Question Expected Value:Type and select your answer..! Actual Value: Type and select your answer..!
16:30:38.473 [main] INFO  utilities.Browser.SurveyFormReUsables - List Control Question Passed : Actual Value is: Type and select your answer..!Expected Value is: Type and select your answer..!
16:30:39.856 [main] INFO  utilities.Browser.SurveyFormReUsables - List Control Values Expected Value:Sample Option 5 Actual Value: Sample Option 5
16:30:39.856 [main] INFO  utilities.Browser.SurveyFormReUsables - List Control Values Passed : Actual Value is: Sample Option 5Expected Value is: Sample Option 5
16:30:42.295 [main] INFO  utilities.Browser.SurveyFormReUsables - Number Control Question Expected Value:Enter the Number? Actual Value: Enter the Number?
16:30:42.295 [main] INFO  utilities.Browser.SurveyFormReUsables - Number Control Question Passed : Actual Value is: Enter the Number?Expected Value is: Enter the Number?
16:30:43.750 [main] INFO  utilities.Browser.SurveyFormReUsables - Number Control Answer Expected Value:1234567890 Actual Value: 1234567890
16:30:43.750 [main] INFO  utilities.Browser.SurveyFormReUsables - Number Control Answer Passed : Actual Value is: 1234567890Expected Value is: 1234567890
16:30:46.256 [main] INFO  utilities.Browser.SurveyFormReUsables - Range Control Question Expected Value:Select a range Actual Value: Select a range
16:30:46.257 [main] INFO  utilities.Browser.SurveyFormReUsables - Range Control Question Passed : Actual Value is: Select a rangeExpected Value is: Select a range
16:30:47.707 [main] INFO  utilities.Browser.SurveyFormReUsables - Range Control Answer Expected Value:30 Actual Value: 44
16:30:47.707 [main] INFO  utilities.Browser.SurveyFormReUsables - Range Control Answer Failed : Actual Value is: 44Expected Value is: 30
16:30:50.080 [main] INFO  utilities.Browser.SurveyFormReUsables - Rating Control Question Expected Value:How was your experience? Actual Value: How was your experience?
16:30:50.080 [main] INFO  utilities.Browser.SurveyFormReUsables - Rating Control Question Passed : Actual Value is: How was your experience?Expected Value is: How was your experience?
16:30:51.459 [main] INFO  utilities.Browser.SurveyFormReUsables - Rating Control Answer Expected Value:Okay Actual Value: Okay
16:30:51.459 [main] INFO  utilities.Browser.SurveyFormReUsables - Rating Control Answer Passed : Actual Value is: OkayExpected Value is: Okay
16:30:53.892 [main] INFO  utilities.Browser.SurveyFormReUsables - Opinion Scale Control Question Expected Value:Choose a number? Actual Value: Choose a number?
16:30:53.892 [main] INFO  utilities.Browser.SurveyFormReUsables - Opinion Scale Control Question Passed : Actual Value is: Choose a number?Expected Value is: Choose a number?
16:30:55.304 [main] INFO  utilities.Browser.SurveyFormReUsables - Opinion Scale Control Answer Expected Value:7 Actual Value: 7
16:30:55.304 [main] INFO  utilities.Browser.SurveyFormReUsables - Opinion Scale Control Answer Passed : Actual Value is: 7Expected Value is: 7
16:30:57.711 [main] INFO  utilities.Browser.SurveyFormReUsables - Date Control Question Expected Value:Select a date Actual Value: Select a date
16:30:57.711 [main] INFO  utilities.Browser.SurveyFormReUsables - Date Control Question Passed : Actual Value is: Select a dateExpected Value is: Select a date
16:30:59.140 [main] INFO  utilities.Browser.SurveyFormReUsables - Date Control Answer Expected Value:30/11/2023 Actual Value: 30/11/2023
16:30:59.141 [main] INFO  utilities.Browser.SurveyFormReUsables - Date Control Answer Passed : Actual Value is: 30/11/2023Expected Value is: 30/11/2023
16:31:01.572 [main] INFO  utilities.Browser.SurveyFormReUsables - Link Control Question Expected Value:Please contact us Actual Value: Please contact us
16:31:01.572 [main] INFO  utilities.Browser.SurveyFormReUsables - Link Control Question Passed : Actual Value is: Please contact usExpected Value is: Please contact us
16:31:03.957 [main] INFO  utilities.Browser.SurveyFormReUsables - Thank You Control Question Expected Value:Nice chatting with you Actual Value: Nice chatting with you
16:31:03.957 [main] INFO  utilities.Browser.SurveyFormReUsables - Thank You Control Question Passed : Actual Value is: Nice chatting with youExpected Value is: Nice chatting with you
16:31:06.433 [main] INFO  utilities.Browser.SurveyFormReUsables - Picture Message Control Question Expected Value:Select the picture…! Actual Value: Select the picture…!
16:31:06.433 [main] INFO  utilities.Browser.SurveyFormReUsables - Picture Message Control Question Passed : Actual Value is: Select the picture…!Expected Value is: Select the picture…!
16:31:07.840 [main] INFO  utilities.Browser.SurveyFormReUsables - Picture Message Control Answer Expected Value:SelectPicture Actual Value: SelectPicture
16:31:07.840 [main] INFO  utilities.Browser.SurveyFormReUsables - Picture Message Control Answer Passed : Actual Value is: SelectPictureExpected Value is: SelectPicture
16:31:10.318 [main] INFO  utilities.Browser.SurveyFormReUsables - Yes or No Control Question Expected Value:Select Yes or No..? Actual Value: Select Yes or No..?
16:31:10.318 [main] INFO  utilities.Browser.SurveyFormReUsables - Yes or No Control Question Passed : Actual Value is: Select Yes or No..?Expected Value is: Select Yes or No..?
16:31:11.709 [main] INFO  utilities.Browser.SurveyFormReUsables - Yes or No Control Answer Expected Value:No Actual Value: No
16:31:11.709 [main] INFO  utilities.Browser.SurveyFormReUsables - Yes or No Control Answer Passed : Actual Value is: NoExpected Value is: No
16:31:14.183 [main] INFO  utilities.Browser.SurveyFormReUsables - Agreement Control Question Expected Value:Terms and Conditions..! Actual Value: Terms and Conditions..!
16:31:14.183 [main] INFO  utilities.Browser.SurveyFormReUsables - Agreement Control Question Passed : Actual Value is: Terms and Conditions..!Expected Value is: Terms and Conditions..!
16:31:15.606 [main] INFO  utilities.Browser.SurveyFormReUsables - Agreement Control Answer Expected Value:Accepted Actual Value: Accepted
16:31:15.606 [main] INFO  utilities.Browser.SurveyFormReUsables - Agreement Control Answer Passed : Actual Value is: AcceptedExpected Value is: Accepted
16:31:18.017 [main] INFO  utilities.Browser.SurveyFormReUsables - Rank Matrix Control Question Expected Value:Choose the value..! Actual Value: Choose the value..!
16:31:18.020 [main] INFO  utilities.Browser.SurveyFormReUsables - Rank Matrix Control Question Passed : Actual Value is: Choose the value..!Expected Value is: Choose the value..!
16:31:39.645 [main] INFO  utilities.Browser.SurveyFormReUsables - Rank Matrix Response Values Passed : Actual Value is: 147Expected Value is: 147
16:31:42.077 [main] INFO  utilities.Browser.SurveyFormReUsables - Google Map Control Question Expected Value:What is your address? Actual Value: What is your address?
16:31:42.077 [main] INFO  utilities.Browser.SurveyFormReUsables - Google Map Control Question Passed : Actual Value is: What is your address?Expected Value is: What is your address?
16:31:43.467 [main] INFO  utilities.Browser.SurveyFormReUsables - Google Map Control Answer Expected Value:Avadi, Tamil Nadu, India Actual Value: Avadi, Tamil Nadu, India
16:31:43.467 [main] INFO  utilities.Browser.SurveyFormReUsables - Google Map Control Answer Passed : Actual Value is: Avadi, Tamil Nadu, IndiaExpected Value is: Avadi, Tamil Nadu, India
16:31:45.856 [main] INFO  utilities.Browser.SurveyFormReUsables - Voice Record Control Question Expected Value:Tap the mic and record the voice Actual Value: Tap the mic and record the voice
16:31:45.856 [main] INFO  utilities.Browser.SurveyFormReUsables - Voice Record Control Question Passed : Actual Value is: Tap the mic and record the voiceExpected Value is: Tap the mic and record the voice
16:31:47.267 [main] INFO  utilities.Browser.SurveyFormReUsables - Voice Record Control Answer Passed : Actual Value is: trueExpected Value is: true
16:31:49.754 [main] INFO  utilities.Browser.SurveyFormReUsables - FileUpload Control Question Expected Value:Upload file Actual Value: Upload file
16:31:49.754 [main] INFO  utilities.Browser.SurveyFormReUsables - FileUpload Control Question Passed : Actual Value is: Upload fileExpected Value is: Upload file
16:31:51.184 [main] INFO  utilities.Browser.SurveyFormReUsables - FileUpload Control Answer Passed : Actual Value is: trueExpected Value is: true
16:38:50.332 [main] INFO  testCases.TC_001_SFI_All_Mobile - ******starting TC_001_SFI_All_Mobile ****
16:38:50.480 [main] INFO  testCases.TC_001_SFI_All_Mobile - Test Execution on Browser: chrome
16:38:50.482 [main] INFO  testCases.TC_001_SFI_All_Mobile - Excel file Utility instance created
16:38:51.769 [main] INFO  testCases.TC_001_SFI_All_Mobile - Row Count is: 1
16:38:51.901 [main] INFO  testCases.TC_001_SFI_All_Mobile - Col Count is: 49
16:38:51.902 [main] INFO  testCases.TC_001_SFI_All_Mobile - Extracting DataSheet Values started...
16:38:54.029 [main] INFO  testCases.TC_001_SFI_All_Mobile - Extracting DataSheet Values Completed...
16:39:03.369 [main] INFO  testCases.TC_001_SFI_All_Mobile - Survey Form Url Launched..
16:39:04.868 [main] INFO  testCases.TC_001_SFI_All_Mobile - Build Url Pass
16:39:05.413 [main] INFO  utilities.Android.SurveyFormReUsables - Message Title Passed : Actual Value is: Hi, Welcome to chat bot..!Expected Value is: Hi, Welcome to chat bot..!
16:39:06.429 [main] INFO  testCases.TC_001_SFI_All_Mobile - Message Control Title Passed
16:39:11.994 [main] INFO  testCases.TC_001_SFI_All_Mobile -  Select an option..! Actual Title 
16:39:11.994 [main] INFO  utilities.Android.SurveyFormReUsables - MultiChoice Control Title Passed : Actual Value is: Select an option..!Expected Value is: Select an option..!
16:39:17.263 [main] INFO  utilities.Android.UtilityCustomFunctions - [DisAgree] is selected in List
16:39:17.264 [main] INFO  testCases.TC_001_SFI_All_Mobile - MultiChoice Item Selected
16:39:21.529 [main] INFO  testCases.TC_001_SFI_All_Mobile - MultiChoice Next Clicked
16:39:26.450 [main] INFO  testCases.TC_001_SFI_All_Mobile - Text Question Conrol Present
16:39:26.608 [main] INFO  utilities.Android.SurveyFormReUsables - TextQuestion Control Title Passed : Actual Value is: Please type an answer ..!Expected Value is: Please type an answer ..!
16:39:27.624 [main] INFO  testCases.TC_001_SFI_All_Mobile - Validation of TextQuestion Control Title
16:39:29.436 [main] INFO  testCases.TC_001_SFI_All_Mobile - Text Entered in TextAnswer Control
16:39:34.396 [main] INFO  testCases.TC_001_SFI_All_Mobile - Text Question Next Clicked
16:39:39.055 [main] INFO  testCases.TC_001_SFI_All_Mobile - Email Control Present
16:39:39.194 [main] INFO  utilities.Android.SurveyFormReUsables - Email Control Title Passed : Actual Value is: What is your email address?Expected Value is: What is your email address?
16:39:40.209 [main] INFO  testCases.TC_001_SFI_All_Mobile - Validation of Email Control Title
16:39:41.763 [main] INFO  testCases.TC_001_SFI_All_Mobile - Email Id Entered
16:39:46.774 [main] INFO  testCases.TC_001_SFI_All_Mobile - Email Next Clicked
16:39:50.259 [main] INFO  utilities.Android.SurveyFormReUsables - Phone Number Control Title Passed : Actual Value is: Please type your phone numberExpected Value is: Please type your phone number
16:39:51.277 [main] INFO  testCases.TC_001_SFI_All_Mobile - Validation of PhoneNumber Control Title
16:39:53.656 [main] INFO  testCases.TC_001_SFI_All_Mobile - Phone Number Conrol Present
16:39:56.395 [main] INFO  testCases.TC_001_SFI_All_Mobile - Phone Number Entered
16:40:00.104 [main] INFO  testCases.TC_001_SFI_All_Mobile - PhoneNumber Next Clicked
16:40:05.297 [main] INFO  testCases.TC_001_SFI_All_Mobile - Appointment Clicked
16:41:01.115 [main] INFO  testCases.TC_001_SFI_All_Mobile - Appointment Updated to Datasheet
16:41:01.115 [main] INFO  testCases.TC_001_SFI_All_Mobile - Appointment Time Captured in Expected Value
16:41:04.265 [main] INFO  testCases.TC_001_SFI_All_Mobile - Appointment Next Button clicked
16:41:08.019 [main] INFO  utilities.Android.SurveyFormReUsables - MultiSelect Control Title Passed : Actual Value is: Select your choices..!Expected Value is: Select your choices..!
16:41:09.022 [main] INFO  testCases.TC_001_SFI_All_Mobile - Validation of MultiSelect Control Title
16:41:13.900 [main] INFO  testCases.TC_001_SFI_All_Mobile - MultiSelect Value Selected
16:41:16.036 [main] INFO  testCases.TC_001_SFI_All_Mobile - MultiSelect Next Clicked
16:41:18.995 [main] INFO  testCases.TC_001_SFI_All_Mobile - List Conrol Present
16:41:19.131 [main] INFO  utilities.Android.SurveyFormReUsables - List Control Title Passed : Actual Value is: Type and select your answer..!Expected Value is: Type and select your answer..!
16:41:20.142 [main] INFO  testCases.TC_001_SFI_All_Mobile - Validation of List Control Control Title
16:41:26.104 [main] INFO  utilities.Android.UtilityCustomFunctions - [Sample Option 2] is selected in List
16:41:26.104 [main] INFO  testCases.TC_001_SFI_All_Mobile - List Item Selected Sample Option 2
16:41:31.361 [main] INFO  testCases.TC_001_SFI_All_Mobile - List Next Clicked
16:41:36.358 [main] INFO  testCases.TC_001_SFI_All_Mobile - Number Control Present
16:41:37.910 [main] INFO  testCases.TC_001_SFI_All_Mobile - Number Selected 1234567890
16:41:42.997 [main] INFO  testCases.TC_001_SFI_All_Mobile - Number Next Clicked
16:41:47.988 [main] INFO  testCases.TC_001_SFI_All_Mobile - Range Conrol Present
16:41:48.116 [main] INFO  utilities.Android.SurveyFormReUsables - Range Control Title Passed : Actual Value is: Select a rangeExpected Value is: Select a range
16:41:49.122 [main] INFO  testCases.TC_001_SFI_All_Mobile - Validation of Range Control Control Title
16:42:11.829 [main] INFO  testCases.TC_001_SFI_All_Mobile - Range Selected 50
16:42:16.928 [main] INFO  testCases.TC_001_SFI_All_Mobile - Range Next Clicked
16:42:20.544 [main] INFO  testCases.TC_001_SFI_All_Mobile - Rating control Present
16:42:22.074 [main] INFO  utilities.Android.SurveyFormReUsables - Rating Control Title Passed : Actual Value is: How was your experience?Expected Value is: How was your experience?
16:42:23.084 [main] INFO  testCases.TC_001_SFI_All_Mobile - Validation of Rating Control Control Title
16:42:23.706 [main] INFO  testCases.TC_001_SFI_All_Mobile - Rating Value: TerribleClicked
16:42:28.856 [main] INFO  testCases.TC_001_SFI_All_Mobile - Rating Next Clicked
16:42:33.969 [main] INFO  testCases.TC_001_SFI_All_Mobile - Opinion Scale Conrol Present
16:42:34.103 [main] INFO  utilities.Android.SurveyFormReUsables - Opinion Scale Control Title Passed : Actual Value is: Choose a number?Expected Value is: Choose a number?
16:42:35.116 [main] INFO  testCases.TC_001_SFI_All_Mobile - Validation of Opinion Scale Control Title
16:42:39.812 [main] INFO  utilities.Android.UtilityCustomFunctions - [9] is selected in List
16:42:39.812 [main] INFO  testCases.TC_001_SFI_All_Mobile - Opinion Scale Control: 9Clicked
16:42:44.943 [main] INFO  testCases.TC_001_SFI_All_Mobile - Opinion Scale Next Clicked
16:42:49.905 [main] INFO  testCases.TC_001_SFI_All_Mobile - Date Conrol Present
16:43:07.914 [main] INFO  testCases.TC_001_SFI_All_Mobile - Date Value Updated to DataSheet
16:43:11.002 [main] INFO  testCases.TC_001_SFI_All_Mobile - Date Next Clicked
16:43:16.039 [main] INFO  testCases.TC_001_SFI_All_Mobile - Links Conrol Present
16:43:16.163 [main] INFO  utilities.Android.SurveyFormReUsables - Link Control Title Passed : Actual Value is: Please contact usExpected Value is: Please contact us
16:43:17.174 [main] INFO  testCases.TC_001_SFI_All_Mobile - Validation of Link Control Title  Please contact us  
16:43:17.175 [main] INFO  testCases.TC_001_SFI_All_Mobile - Multiple Links Clicked
16:43:17.922 [main] INFO  testCases.TC_001_SFI_All_Mobile - Links Next Clicked
16:43:22.933 [main] INFO  testCases.TC_001_SFI_All_Mobile - ThankYou control Present
16:43:24.426 [main] INFO  utilities.Android.SurveyFormReUsables - ThankYou Control Title Passed : Actual Value is: Nice chatting with youExpected Value is: Nice chatting with you
16:43:25.436 [main] INFO  testCases.TC_001_SFI_All_Mobile - Validation of ThankYou Control TitleNice chatting with you
16:43:26.153 [main] INFO  testCases.TC_001_SFI_All_Mobile - ThankYou Next Clicked
16:43:30.930 [main] INFO  testCases.TC_001_SFI_All_Mobile - Picture Message Control Present
16:43:32.114 [main] INFO  utilities.Android.SurveyFormReUsables - Picture Message Control Title Passed : Actual Value is: Select the picture…!Expected Value is: Select the picture…!
16:43:33.131 [main] INFO  testCases.TC_001_SFI_All_Mobile - Validation of Picture Message Control Title Select the picture…! 
16:43:34.911 [main] INFO  testCases.TC_001_SFI_All_Mobile - Picture Message Seleted:PictureMessage
16:43:38.405 [main] INFO  testCases.TC_001_SFI_All_Mobile - Picture Message Next Clicked
16:43:43.338 [main] INFO  testCases.TC_001_SFI_All_Mobile - YesorNo Control Present
16:43:43.439 [main] INFO  utilities.Android.SurveyFormReUsables - Yes or No Control Title Passed : Actual Value is: Select Yes or No..?Expected Value is: Select Yes or No..?
16:43:44.449 [main] INFO  testCases.TC_001_SFI_All_Mobile - Validation of YesorNo Control Title Select Yes or No..? 
16:43:46.492 [main] INFO  testCases.TC_001_SFI_All_Mobile - Yes Clicked
16:43:47.227 [main] INFO  testCases.TC_001_SFI_All_Mobile - YesorNo Next Clicked
16:43:52.270 [main] INFO  testCases.TC_001_SFI_All_Mobile - Agreement Question Conrol Present
16:43:52.417 [main] INFO  utilities.Android.SurveyFormReUsables - Agreement Control Title Passed : Actual Value is: Terms and Conditions..!Expected Value is: Terms and Conditions..!
16:43:53.430 [main] INFO  testCases.TC_001_SFI_All_Mobile - Validation of Agreement Control Title Terms and Conditions..! 
16:43:53.601 [main] INFO  utilities.Android.SurveyFormReUsables - Agreement Text Passed : Actual Value is: I agree to the terms and conditionsExpected Value is: I agree to the terms and conditions
16:43:54.609 [main] INFO  testCases.TC_001_SFI_All_Mobile - Validation of Agreement TextI agree to the terms and conditions
16:43:57.376 [main] INFO  testCases.TC_001_SFI_All_Mobile - Agreement Next Clicked
16:44:00.973 [main] INFO  testCases.TC_001_SFI_All_Mobile - RankMatrix control present
16:44:02.525 [main] INFO  utilities.Android.SurveyFormReUsables - Ranking Matrix Title Failed : Actual Value is: Choose the value..!Expected Value is: Choice the value..!
16:44:03.531 [main] INFO  testCases.TC_001_SFI_All_Mobile - Validation of Rank Matrix Control Title Choose the value..! 
16:44:05.949 [main] INFO  testCases.TC_001_SFI_All_Mobile - Ranking Matrix Values Selected
16:44:08.056 [main] INFO  testCases.TC_001_SFI_All_Mobile - Ranking Matrix Next Clicked
16:44:14.072 [main] INFO  testCases.TC_001_SFI_All_Mobile - Google Map Control Present
16:44:23.934 [main] INFO  pageObjects.Android.IndvControls - Allow Location Popup displayed
16:44:29.633 [main] INFO  utilities.Android.SurveyFormReUsables - Google Map Title Passed : Actual Value is: What is your address?Expected Value is: What is your address?
16:44:30.642 [main] INFO  testCases.TC_001_SFI_All_Mobile - Validation of Google Map Control Title What is your address? 
16:44:36.731 [main] INFO  testCases.TC_001_SFI_All_Mobile - Address Entered in Google Map
16:44:40.483 [main] INFO  testCases.TC_001_SFI_All_Mobile - Google Map Next Clicked
16:44:41.903 [main] INFO  testCases.TC_001_SFI_All_Mobile - VR control present
16:44:44.477 [main] INFO  utilities.Android.SurveyFormReUsables - Voice Record Title Passed : Actual Value is: Tap the mic and record the voiceExpected Value is: Tap the mic and record the voice
16:44:45.482 [main] INFO  testCases.TC_001_SFI_All_Mobile - Validation of Voice Record Control Title Tap the mic and record the voice 
16:44:50.012 [main] INFO  pageObjects.Android.IndvControls - Allow Location Popup displayed
16:45:01.282 [main] INFO  testCases.TC_001_SFI_All_Mobile - Voice Recorded
16:45:02.833 [main] INFO  testCases.TC_001_SFI_All_Mobile - Voice Record Prefix updated to Datasheet
16:45:05.482 [main] INFO  testCases.TC_001_SFI_All_Mobile - Voice Record Next Clicked
16:45:09.216 [main] INFO  utilities.Android.SurveyFormReUsables - File Upload Control Title Passed : Actual Value is: Upload fileExpected Value is: Upload file
16:45:10.221 [main] INFO  testCases.TC_001_SFI_All_Mobile - Validation of File Upload Control Title
16:45:10.222 [main] INFO  pageObjects.Android.IndvControls - Within SelectFiletoUpload
16:45:10.663 [main] INFO  pageObjects.Android.IndvControls - File Upload Visible
16:45:14.139 [main] INFO  pageObjects.Android.IndvControls - FileUpload Clicked
16:45:18.624 [main] INFO  pageObjects.Android.IndvControls - Switched to Native app within FileUpload
16:45:21.762 [main] INFO  pageObjects.Android.IndvControls - Allow Permission displayed first time
16:45:49.630 [main] INFO  testCases.TC_001_SFI_All_Mobile - Upload file prefix added to Datasheet
16:45:53.389 [main] INFO  testCases.TC_001_SFI_All_Mobile - FileUpload Next Clicked
16:45:55.902 [main] INFO  testCases.TC_001_SFI_All_MobileResponse - ******starting TC_001_SFI_All_MobileResponse ****
16:45:55.905 [main] INFO  testCases.TC_001_SFI_All_MobileResponse - Test Execution on Browser: chrome
16:45:55.905 [main] INFO  testCases.TC_001_SFI_All_MobileResponse - Excel file Utility instance created
16:45:55.960 [main] INFO  testCases.TC_001_SFI_All_MobileResponse - Row Count is: 1
16:45:56.002 [main] INFO  testCases.TC_001_SFI_All_MobileResponse - Col Count is: 49
16:45:56.004 [main] INFO  testCases.TC_001_SFI_All_MobileResponse - Extracting DataSheet Values started...
16:45:57.456 [main] INFO  testCases.TC_001_SFI_All_MobileResponse - Extracting DataSheet Values Completed...
16:46:02.467 [main] INFO  testCases.TC_001_SFI_All_MobileResponse - Navigation started
16:46:05.407 [main] INFO  testCases.TC_001_SFI_All_MobileResponse - Login details Entered
16:46:05.503 [main] INFO  testCases.TC_001_SFI_All_MobileResponse - Chat bot Logged In
16:46:08.793 [main] INFO  testCases.TC_001_SFI_All_MobileResponse - SFAllMobile_Independent Build Name entered in List Box
16:46:14.937 [main] INFO  testCases.TC_001_SFI_All_MobileResponse - Build link clicked side bar
16:46:14.937 [main] INFO  testCases.TC_001_SFI_All_MobileResponse - clicked side bar Result
16:46:16.144 [main] INFO  testCases.TC_001_SFI_All_MobileResponse - Side Item Response clicked
16:46:16.298 [main] INFO  testCases.TC_001_SFI_All_MobileResponse - clicked refresh Response
16:46:16.414 [main] INFO  testCases.TC_001_SFI_All_MobileResponse - clicked refresh Response Again
16:46:19.494 [main] INFO  testCases.TC_001_SFI_All_MobileResponse - Clicked first Response
16:46:19.495 [main] INFO  testCases.TC_001_SFI_All_MobileResponse - Navigated to Build: SFAllMobile_Independent
16:46:21.960 [main] INFO  utilities.Browser.SurveyFormReUsables - Message Control Header Expected Value:Hi, Welcome to chat bot..! Actual Value: Hi, Welcome to chat bot..!
16:46:21.960 [main] INFO  utilities.Browser.SurveyFormReUsables - Message Control Header Passed : Actual Value is: Hi, Welcome to chat bot..!Expected Value is: Hi, Welcome to chat bot..!
16:46:24.464 [main] INFO  utilities.Browser.SurveyFormReUsables - MultiChoice Control Question Expected Value:Select an option..! Actual Value: Select an option..!
16:46:24.464 [main] INFO  utilities.Browser.SurveyFormReUsables - MultiChoice Control Question Passed : Actual Value is: Select an option..!Expected Value is: Select an option..!
16:46:25.832 [main] INFO  utilities.Browser.SurveyFormReUsables - MultiChoice Control Answer Expected Value:DisAgree Actual Value: DisAgree
16:46:25.832 [main] INFO  utilities.Browser.SurveyFormReUsables - MultiChoice Control Answer Passed : Actual Value is: DisAgreeExpected Value is: DisAgree
16:46:28.296 [main] INFO  utilities.Browser.SurveyFormReUsables - Text Question Control Question Expected Value:Please type an answer ..! Actual Value: Please type an answer ..!
16:46:28.296 [main] INFO  utilities.Browser.SurveyFormReUsables - Text Question Control Question Passed : Actual Value is: Please type an answer ..!Expected Value is: Please type an answer ..!
16:46:29.708 [main] INFO  utilities.Browser.SurveyFormReUsables - Text Question Control Answer Expected Value:Welcome to Automation...! Actual Value: Welcome to Automation...!
16:46:29.708 [main] INFO  utilities.Browser.SurveyFormReUsables - Text Question Control Answer Passed : Actual Value is: Welcome to Automation...!Expected Value is: Welcome to Automation...!
16:46:32.153 [main] INFO  utilities.Browser.SurveyFormReUsables - Email Control Question Expected Value:What is your email address? Actual Value: What is your email address?
16:46:32.153 [main] INFO  utilities.Browser.SurveyFormReUsables - Email Control Question Passed : Actual Value is: What is your email address?Expected Value is: What is your email address?
16:46:33.586 [main] INFO  utilities.Browser.SurveyFormReUsables - Email Control Answer Expected Value:sudhakar@rsoft.in Actual Value: sudhakar@rsoft.in
16:46:33.586 [main] INFO  utilities.Browser.SurveyFormReUsables - Email Control Answer Passed : Actual Value is: sudhakar@rsoft.inExpected Value is: sudhakar@rsoft.in
16:46:36.026 [main] INFO  utilities.Browser.SurveyFormReUsables - Phone Number Control Question Expected Value:Please type your phone number Actual Value: Please type your phone number
16:46:36.026 [main] INFO  utilities.Browser.SurveyFormReUsables - Phone Number Control Question Passed : Actual Value is: Please type your phone numberExpected Value is: Please type your phone number
16:46:37.381 [main] INFO  utilities.Browser.SurveyFormReUsables - Phone Number Control Answer Expected Value:+91 1234567890 Actual Value: +91 1234567890
16:46:37.381 [main] INFO  utilities.Browser.SurveyFormReUsables - Phone Number Control Answer Passed : Actual Value is: +91 1234567890Expected Value is: +91 1234567890
16:46:39.858 [main] INFO  utilities.Browser.SurveyFormReUsables - Appointment Control Question Expected Value:Book an appointment / meeting Actual Value: Book an appointment / meeting
16:46:39.859 [main] INFO  utilities.Browser.SurveyFormReUsables - Appointment Control Question Passed : Actual Value is: Book an appointment / meetingExpected Value is: Book an appointment / meeting
16:46:41.256 [main] INFO  utilities.Browser.SurveyFormReUsables - Appointment Control Answer Expected Value:Appointment Date : 30/11/2023, Time : [ 09:00 AM to 09:04 AM ] Actual Value: Appointment Date : 30/11/2023, Time : [ 09:00 AM to 09:04 AM ]
16:46:41.256 [main] INFO  utilities.Browser.SurveyFormReUsables - Appointment Control Answer Passed : Actual Value is: Appointment Date : 30/11/2023, Time : [ 09:00 AM to 09:04 AM ]Expected Value is: Appointment Date : 30/11/2023, Time : [ 09:00 AM to 09:04 AM ]
16:46:43.699 [main] INFO  utilities.Browser.SurveyFormReUsables - MultiSelect Control Question Expected Value:Select your choices..! Actual Value: Select your choices..!
16:46:43.699 [main] INFO  utilities.Browser.SurveyFormReUsables - MultiSelect Control Question Passed : Actual Value is: Select your choices..!Expected Value is: Select your choices..!
16:46:45.085 [main] INFO  utilities.Browser.SurveyFormReUsables - MultiSelect Control Answer Expected Value:DisAgree, Agree, Strongly Agree Actual Value: DisAgree, Agree, Strongly Agree
16:46:45.085 [main] INFO  utilities.Browser.SurveyFormReUsables - MultiSelect Control Answer Passed : Actual Value is: DisAgree, Agree, Strongly AgreeExpected Value is: DisAgree, Agree, Strongly Agree
16:46:47.549 [main] INFO  utilities.Browser.SurveyFormReUsables - List Control Question Expected Value:Type and select your answer..! Actual Value: Type and select your answer..!
16:46:47.549 [main] INFO  utilities.Browser.SurveyFormReUsables - List Control Question Passed : Actual Value is: Type and select your answer..!Expected Value is: Type and select your answer..!
16:46:48.973 [main] INFO  utilities.Browser.SurveyFormReUsables - List Control Values Expected Value:Sample Option 2 Actual Value: Sample Option 2
16:46:48.973 [main] INFO  utilities.Browser.SurveyFormReUsables - List Control Values Passed : Actual Value is: Sample Option 2Expected Value is: Sample Option 2
16:46:51.425 [main] INFO  utilities.Browser.SurveyFormReUsables - Number Control Question Expected Value:Enter the Number? Actual Value: Enter the Number?
16:46:51.425 [main] INFO  utilities.Browser.SurveyFormReUsables - Number Control Question Passed : Actual Value is: Enter the Number?Expected Value is: Enter the Number?
16:46:52.835 [main] INFO  utilities.Browser.SurveyFormReUsables - Number Control Answer Expected Value:1234567890 Actual Value: 1234567890
16:46:52.835 [main] INFO  utilities.Browser.SurveyFormReUsables - Number Control Answer Passed : Actual Value is: 1234567890Expected Value is: 1234567890
16:46:55.209 [main] INFO  utilities.Browser.SurveyFormReUsables - Range Control Question Expected Value:Select a range Actual Value: Select a range
16:46:55.209 [main] INFO  utilities.Browser.SurveyFormReUsables - Range Control Question Passed : Actual Value is: Select a rangeExpected Value is: Select a range
16:46:56.646 [main] INFO  utilities.Browser.SurveyFormReUsables - Range Control Answer Expected Value:50 Actual Value: 50
16:46:56.646 [main] INFO  utilities.Browser.SurveyFormReUsables - Range Control Answer Passed : Actual Value is: 50Expected Value is: 50
16:46:59.046 [main] INFO  utilities.Browser.SurveyFormReUsables - Rating Control Question Expected Value:How was your experience? Actual Value: How was your experience?
16:46:59.046 [main] INFO  utilities.Browser.SurveyFormReUsables - Rating Control Question Passed : Actual Value is: How was your experience?Expected Value is: How was your experience?
16:47:00.412 [main] INFO  utilities.Browser.SurveyFormReUsables - Rating Control Answer Expected Value:Terrible Actual Value: Terrible
16:47:00.412 [main] INFO  utilities.Browser.SurveyFormReUsables - Rating Control Answer Passed : Actual Value is: TerribleExpected Value is: Terrible
16:47:02.869 [main] INFO  utilities.Browser.SurveyFormReUsables - Opinion Scale Control Question Expected Value:Choose a number? Actual Value: Choose a number?
16:47:02.872 [main] INFO  utilities.Browser.SurveyFormReUsables - Opinion Scale Control Question Passed : Actual Value is: Choose a number?Expected Value is: Choose a number?
16:47:04.298 [main] INFO  utilities.Browser.SurveyFormReUsables - Opinion Scale Control Answer Expected Value:9 Actual Value: 9
16:47:04.298 [main] INFO  utilities.Browser.SurveyFormReUsables - Opinion Scale Control Answer Passed : Actual Value is: 9Expected Value is: 9
16:47:06.700 [main] INFO  utilities.Browser.SurveyFormReUsables - Date Control Question Expected Value:Select a date Actual Value: Select a date
16:47:06.700 [main] INFO  utilities.Browser.SurveyFormReUsables - Date Control Question Passed : Actual Value is: Select a dateExpected Value is: Select a date
16:47:08.079 [main] INFO  utilities.Browser.SurveyFormReUsables - Date Control Answer Expected Value:30/11/2023 Actual Value: 30/11/2023
16:47:08.079 [main] INFO  utilities.Browser.SurveyFormReUsables - Date Control Answer Passed : Actual Value is: 30/11/2023Expected Value is: 30/11/2023
16:47:10.485 [main] INFO  utilities.Browser.SurveyFormReUsables - Link Control Question Expected Value:Please contact us Actual Value: Please contact us
16:47:10.485 [main] INFO  utilities.Browser.SurveyFormReUsables - Link Control Question Passed : Actual Value is: Please contact usExpected Value is: Please contact us
16:47:12.965 [main] INFO  utilities.Browser.SurveyFormReUsables - Thank You Control Question Expected Value:Nice chatting with you Actual Value: Nice chatting with you
16:47:12.965 [main] INFO  utilities.Browser.SurveyFormReUsables - Thank You Control Question Passed : Actual Value is: Nice chatting with youExpected Value is: Nice chatting with you
16:47:15.411 [main] INFO  utilities.Browser.SurveyFormReUsables - Picture Message Control Question Expected Value:Select the picture…! Actual Value: Select the picture…!
16:47:15.411 [main] INFO  utilities.Browser.SurveyFormReUsables - Picture Message Control Question Passed : Actual Value is: Select the picture…!Expected Value is: Select the picture…!
16:47:16.842 [main] INFO  utilities.Browser.SurveyFormReUsables - Picture Message Control Answer Expected Value:PictureMessage Actual Value: PictureMessage
16:47:16.842 [main] INFO  utilities.Browser.SurveyFormReUsables - Picture Message Control Answer Passed : Actual Value is: PictureMessageExpected Value is: PictureMessage
16:47:19.366 [main] INFO  utilities.Browser.SurveyFormReUsables - Yes or No Control Question Expected Value:Select Yes or No..? Actual Value: Select Yes or No..?
16:47:19.366 [main] INFO  utilities.Browser.SurveyFormReUsables - Yes or No Control Question Passed : Actual Value is: Select Yes or No..?Expected Value is: Select Yes or No..?
16:47:20.814 [main] INFO  utilities.Browser.SurveyFormReUsables - Yes or No Control Answer Expected Value:Yes Actual Value: Yes
16:47:20.814 [main] INFO  utilities.Browser.SurveyFormReUsables - Yes or No Control Answer Passed : Actual Value is: YesExpected Value is: Yes
16:47:23.310 [main] INFO  utilities.Browser.SurveyFormReUsables - Agreement Control Question Expected Value:Terms and Conditions..! Actual Value: Terms and Conditions..!
16:47:23.310 [main] INFO  utilities.Browser.SurveyFormReUsables - Agreement Control Question Passed : Actual Value is: Terms and Conditions..!Expected Value is: Terms and Conditions..!
16:47:24.713 [main] INFO  utilities.Browser.SurveyFormReUsables - Agreement Control Answer Expected Value:Accepted Actual Value: Accepted
16:47:24.713 [main] INFO  utilities.Browser.SurveyFormReUsables - Agreement Control Answer Passed : Actual Value is: AcceptedExpected Value is: Accepted
16:47:27.155 [main] INFO  utilities.Browser.SurveyFormReUsables - Rank Matrix Control Question Expected Value:Choice the value..! Actual Value: Choose the value..!
16:47:27.155 [main] INFO  utilities.Browser.SurveyFormReUsables - Rank Matrix Control Question Failed : Actual Value is: Choose the value..!Expected Value is: Choice the value..!
16:47:48.804 [main] INFO  utilities.Browser.SurveyFormReUsables - Rank Matrix Values Passed : Actual Value is: 159Expected Value is: 159
16:47:51.214 [main] INFO  utilities.Browser.SurveyFormReUsables - Google Map Control Question Expected Value:What is your address? Actual Value: What is your address?
16:47:51.214 [main] INFO  utilities.Browser.SurveyFormReUsables - Google Map Control Question Passed : Actual Value is: What is your address?Expected Value is: What is your address?
16:47:52.599 [main] INFO  utilities.Browser.SurveyFormReUsables - Google Map Control Answer Expected Value:Avadi, Tamil Nadu, India Actual Value: Avadi, Tamil Nadu, India
16:47:52.599 [main] INFO  utilities.Browser.SurveyFormReUsables - Google Map Control Answer Passed : Actual Value is: Avadi, Tamil Nadu, IndiaExpected Value is: Avadi, Tamil Nadu, India
16:47:55.008 [main] INFO  utilities.Browser.SurveyFormReUsables - Voice Record Control Question Expected Value:Tap the mic and record the voice Actual Value: Tap the mic and record the voice
16:47:55.008 [main] INFO  utilities.Browser.SurveyFormReUsables - Voice Record Control Question Passed : Actual Value is: Tap the mic and record the voiceExpected Value is: Tap the mic and record the voice
16:47:56.577 [main] INFO  utilities.Browser.SurveyFormReUsables - Voice Record Control Answer Passed : Actual Value is: trueExpected Value is: true
16:47:59.019 [main] INFO  utilities.Browser.SurveyFormReUsables - FileUpload Control Question Expected Value:Upload file Actual Value: Upload file
16:47:59.019 [main] INFO  utilities.Browser.SurveyFormReUsables - FileUpload Control Question Passed : Actual Value is: Upload fileExpected Value is: Upload file
16:48:00.435 [main] INFO  utilities.Browser.SurveyFormReUsables - FileUpload Control Answer Passed : Actual Value is: trueExpected Value is: true
18:43:30.162 [main] INFO  testCases.TC_001_SFI_All_MobileResponse - ******starting TC_001_SFI_All_MobileResponse ****
18:43:30.183 [main] INFO  testCases.TC_001_SFI_All_MobileResponse - Test Execution on Browser: chrome
18:43:30.193 [main] INFO  testCases.TC_001_SFI_All_MobileResponse - Excel file Utility instance created
18:43:31.004 [main] INFO  testCases.TC_001_SFI_All_MobileResponse - Row Count is: 1
18:43:31.059 [main] INFO  testCases.TC_001_SFI_All_MobileResponse - Col Count is: 49
18:43:31.059 [main] INFO  testCases.TC_001_SFI_All_MobileResponse - Extracting DataSheet Values started...
18:43:33.074 [main] INFO  testCases.TC_001_SFI_All_MobileResponse - Extracting DataSheet Values Completed...
18:43:38.087 [main] INFO  testCases.TC_001_SFI_All_MobileResponse - Navigation started
18:43:41.067 [main] INFO  testCases.TC_001_SFI_All_MobileResponse - Login details Entered
18:43:41.188 [main] INFO  testCases.TC_001_SFI_All_MobileResponse - Chat bot Logged In
18:43:44.235 [main] INFO  testCases.TC_001_SFI_All_MobileResponse - SFAllMobile_Independent Build Name entered in List Box
15:46:26.724 [main] INFO  testCases.TC_001_SFI_All_Mobile - ******starting TC_001_SFI_All_Mobile ****
15:46:26.807 [main] INFO  testCases.TC_001_SFI_All_Mobile - Test Execution on Browser: chrome
15:46:26.809 [main] INFO  testCases.TC_001_SFI_All_Mobile - Excel file Utility instance created
15:46:27.766 [main] INFO  testCases.TC_001_SFI_All_Mobile - Row Count is: 1
15:46:27.807 [main] INFO  testCases.TC_001_SFI_All_Mobile - Col Count is: 49
15:46:27.807 [main] INFO  testCases.TC_001_SFI_All_Mobile - Extracting DataSheet Values started...
15:46:28.665 [main] INFO  testCases.TC_001_SFI_All_Mobile - Extracting DataSheet Values Completed...
15:46:31.283 [main] INFO  testCases.TC_001_SFI_All_Mobile - Survey Form Url Launched..
15:46:32.699 [main] INFO  testCases.TC_001_SFI_All_Mobile - Build Url Pass
15:46:33.417 [main] INFO  utilities.Android.SurveyFormReUsables - Message Title Passed : Actual Value is: Hi, Welcome to chat bot..!Expected Value is: Hi, Welcome to chat bot..!
15:46:34.458 [main] INFO  testCases.TC_001_SFI_All_Mobile - Message Control Title Passed
15:50:43.063 [main] INFO  testCases.TC_001_SFI_All_Mobile - ******starting TC_001_SFI_All_Mobile ****
15:50:43.205 [main] INFO  testCases.TC_001_SFI_All_Mobile - Test Execution on Browser: chrome
15:50:43.206 [main] INFO  testCases.TC_001_SFI_All_Mobile - Excel file Utility instance created
15:50:43.746 [main] INFO  testCases.TC_001_SFI_All_Mobile - Row Count is: 1
15:50:43.790 [main] INFO  testCases.TC_001_SFI_All_Mobile - Col Count is: 49
15:50:43.790 [main] INFO  testCases.TC_001_SFI_All_Mobile - Extracting DataSheet Values started...
15:50:44.679 [main] INFO  testCases.TC_001_SFI_All_Mobile - Extracting DataSheet Values Completed...
15:50:47.261 [main] INFO  testCases.TC_001_SFI_All_Mobile - Survey Form Url Launched..
15:50:48.704 [main] INFO  testCases.TC_001_SFI_All_Mobile - Build Url Pass
15:50:49.410 [main] INFO  utilities.Android.SurveyFormReUsables - Message Title Passed : Actual Value is: Hi, Welcome to chat bot..!Expected Value is: Hi, Welcome to chat bot..!
15:50:50.417 [main] INFO  testCases.TC_001_SFI_All_Mobile - Message Control Title Passed
15:50:55.855 [main] INFO  testCases.TC_001_SFI_All_Mobile -  Select an option..! Actual Title 
15:50:55.855 [main] INFO  utilities.Android.SurveyFormReUsables - MultiChoice Control Title Passed : Actual Value is: Select an option..!Expected Value is: Select an option..!
15:51:00.886 [main] INFO  utilities.Android.UtilityCustomFunctions - [DisAgree] is selected in List
15:51:00.886 [main] INFO  testCases.TC_001_SFI_All_Mobile - MultiChoice Item Selected
15:51:04.984 [main] INFO  testCases.TC_001_SFI_All_Mobile - MultiChoice Next Clicked
15:51:09.895 [main] INFO  testCases.TC_001_SFI_All_Mobile - Text Question Conrol Present
15:51:10.026 [main] INFO  utilities.Android.SurveyFormReUsables - TextQuestion Control Title Passed : Actual Value is: Please type an answer ..!Expected Value is: Please type an answer ..!
15:51:11.030 [main] INFO  testCases.TC_001_SFI_All_Mobile - Validation of TextQuestion Control Title
15:51:12.153 [main] INFO  testCases.TC_001_SFI_All_Mobile - Text Entered in TextAnswer Control
15:51:17.210 [main] INFO  testCases.TC_001_SFI_All_Mobile - Text Question Next Clicked
15:51:21.747 [main] INFO  testCases.TC_001_SFI_All_Mobile - Email Control Present
15:51:21.857 [main] INFO  utilities.Android.SurveyFormReUsables - Email Control Title Passed : Actual Value is: What is your email address?Expected Value is: What is your email address?
15:51:22.864 [main] INFO  testCases.TC_001_SFI_All_Mobile - Validation of Email Control Title
15:51:24.391 [main] INFO  testCases.TC_001_SFI_All_Mobile - Email Id Entered
15:51:29.422 [main] INFO  testCases.TC_001_SFI_All_Mobile - Email Next Clicked
15:51:33.035 [main] INFO  utilities.Android.SurveyFormReUsables - Phone Number Control Title Passed : Actual Value is: Please type your phone numberExpected Value is: Please type your phone number
15:51:34.047 [main] INFO  testCases.TC_001_SFI_All_Mobile - Validation of PhoneNumber Control Title
15:51:36.370 [main] INFO  testCases.TC_001_SFI_All_Mobile - Phone Number Conrol Present
15:51:38.888 [main] INFO  testCases.TC_001_SFI_All_Mobile - Phone Number Entered
15:51:42.481 [main] INFO  testCases.TC_001_SFI_All_Mobile - PhoneNumber Next Clicked
15:53:17.631 [main] INFO  testCases.TC_001_SFI_All_Mobile - Appointment Conrol Missing
15:56:54.053 [main] INFO  testCases.TC_001_SFI_All_Mobile - ******starting TC_001_SFI_All_Mobile ****
15:56:54.122 [main] INFO  testCases.TC_001_SFI_All_Mobile - Test Execution on Browser: chrome
15:56:54.123 [main] INFO  testCases.TC_001_SFI_All_Mobile - Excel file Utility instance created
15:56:54.655 [main] INFO  testCases.TC_001_SFI_All_Mobile - Row Count is: 1
15:56:54.697 [main] INFO  testCases.TC_001_SFI_All_Mobile - Col Count is: 49
15:56:54.697 [main] INFO  testCases.TC_001_SFI_All_Mobile - Extracting DataSheet Values started...
15:56:55.584 [main] INFO  testCases.TC_001_SFI_All_Mobile - Extracting DataSheet Values Completed...
15:56:57.606 [main] INFO  testCases.TC_001_SFI_All_Mobile - Survey Form Url Launched..
15:56:58.961 [main] INFO  testCases.TC_001_SFI_All_Mobile - Build Url Pass
15:56:59.356 [main] INFO  utilities.Android.SurveyFormReUsables - Message Title Passed : Actual Value is: Hi, Welcome to chat bot..!Expected Value is: Hi, Welcome to chat bot..!
15:57:00.367 [main] INFO  testCases.TC_001_SFI_All_Mobile - Message Control Title Passed
15:57:05.175 [main] INFO  testCases.TC_001_SFI_All_Mobile -  Select an option..! Actual Title 
15:57:05.175 [main] INFO  utilities.Android.SurveyFormReUsables - MultiChoice Control Title Passed : Actual Value is: Select an option..!Expected Value is: Select an option..!
15:57:09.562 [main] INFO  utilities.Android.UtilityCustomFunctions - [DisAgree] is selected in List
15:57:09.562 [main] INFO  testCases.TC_001_SFI_All_Mobile - MultiChoice Item Selected
15:57:13.195 [main] INFO  testCases.TC_001_SFI_All_Mobile - MultiChoice Next Clicked
15:57:17.670 [main] INFO  testCases.TC_001_SFI_All_Mobile - Text Question Conrol Present
15:57:17.729 [main] INFO  utilities.Android.SurveyFormReUsables - TextQuestion Control Title Passed : Actual Value is: Please type an answer ..!Expected Value is: Please type an answer ..!
15:57:18.744 [main] INFO  testCases.TC_001_SFI_All_Mobile - Validation of TextQuestion Control Title
15:57:19.520 [main] INFO  testCases.TC_001_SFI_All_Mobile - Text Entered in TextAnswer Control
15:57:24.437 [main] INFO  testCases.TC_001_SFI_All_Mobile - Text Question Next Clicked
15:57:28.982 [main] INFO  testCases.TC_001_SFI_All_Mobile - Email Control Present
15:57:29.118 [main] INFO  utilities.Android.SurveyFormReUsables - Email Control Title Passed : Actual Value is: What is your email address?Expected Value is: What is your email address?
15:57:30.125 [main] INFO  testCases.TC_001_SFI_All_Mobile - Validation of Email Control Title
15:57:31.589 [main] INFO  testCases.TC_001_SFI_All_Mobile - Email Id Entered
15:57:36.633 [main] INFO  testCases.TC_001_SFI_All_Mobile - Email Next Clicked
15:57:40.359 [main] INFO  utilities.Android.SurveyFormReUsables - Phone Number Control Title Passed : Actual Value is: Please type your phone numberExpected Value is: Please type your phone number
15:57:41.368 [main] INFO  testCases.TC_001_SFI_All_Mobile - Validation of PhoneNumber Control Title
15:57:43.714 [main] INFO  testCases.TC_001_SFI_All_Mobile - Phone Number Conrol Present
15:57:46.280 [main] INFO  testCases.TC_001_SFI_All_Mobile - Phone Number Entered
15:57:49.914 [main] INFO  testCases.TC_001_SFI_All_Mobile - PhoneNumber Next Clicked
15:57:54.993 [main] INFO  testCases.TC_001_SFI_All_Mobile - Appointment Clicked
15:58:34.836 [main] INFO  testCases.TC_001_SFI_All_Mobile - Appointment Updated to Datasheet
15:58:34.836 [main] INFO  testCases.TC_001_SFI_All_Mobile - Appointment Time Captured in Expected Value
15:58:37.815 [main] INFO  testCases.TC_001_SFI_All_Mobile - Appointment Next Button clicked
15:58:41.531 [main] INFO  utilities.Android.SurveyFormReUsables - MultiSelect Control Title Passed : Actual Value is: Select your choices..!Expected Value is: Select your choices..!
15:58:42.545 [main] INFO  testCases.TC_001_SFI_All_Mobile - Validation of MultiSelect Control Title
15:58:46.230 [main] INFO  testCases.TC_001_SFI_All_Mobile - MultiSelect Value Selected
15:58:48.183 [main] INFO  testCases.TC_001_SFI_All_Mobile - MultiSelect Next Clicked
15:58:51.051 [main] INFO  testCases.TC_001_SFI_All_Mobile - List Conrol Present
15:58:51.176 [main] INFO  utilities.Android.SurveyFormReUsables - List Control Title Passed : Actual Value is: Type and select your answer..!Expected Value is: Type and select your answer..!
15:58:52.192 [main] INFO  testCases.TC_001_SFI_All_Mobile - Validation of List Control Control Title
15:58:57.590 [main] INFO  utilities.Android.UtilityCustomFunctions - [Sample Option 2] is selected in List
15:58:57.590 [main] INFO  testCases.TC_001_SFI_All_Mobile - List Item Selected Sample Option 2
15:59:02.611 [main] INFO  testCases.TC_001_SFI_All_Mobile - List Next Clicked
15:59:07.502 [main] INFO  testCases.TC_001_SFI_All_Mobile - Number Control Present
15:59:08.885 [main] INFO  testCases.TC_001_SFI_All_Mobile - Number Selected 1234567890
15:59:13.595 [main] INFO  testCases.TC_001_SFI_All_Mobile - Number Next Clicked
15:59:18.519 [main] INFO  testCases.TC_001_SFI_All_Mobile - Range Conrol Present
15:59:18.598 [main] INFO  utilities.Android.SurveyFormReUsables - Range Control Title Passed : Actual Value is: Select a rangeExpected Value is: Select a range
15:59:19.606 [main] INFO  testCases.TC_001_SFI_All_Mobile - Validation of Range Control Control Title
15:59:37.738 [main] INFO  testCases.TC_001_SFI_All_Mobile - Range Selected 50
15:59:42.798 [main] INFO  testCases.TC_001_SFI_All_Mobile - Range Next Clicked
15:59:46.338 [main] INFO  testCases.TC_001_SFI_All_Mobile - Rating control Present
15:59:47.802 [main] INFO  utilities.Android.SurveyFormReUsables - Rating Control Title Passed : Actual Value is: How was your experience?Expected Value is: How was your experience?
15:59:48.806 [main] INFO  testCases.TC_001_SFI_All_Mobile - Validation of Rating Control Control Title
15:59:49.425 [main] INFO  testCases.TC_001_SFI_All_Mobile - Rating Value: TerribleClicked
15:59:54.460 [main] INFO  testCases.TC_001_SFI_All_Mobile - Rating Next Clicked
15:59:59.294 [main] INFO  testCases.TC_001_SFI_All_Mobile - Opinion Scale Conrol Present
15:59:59.410 [main] INFO  utilities.Android.SurveyFormReUsables - Opinion Scale Control Title Passed : Actual Value is: Choose a number?Expected Value is: Choose a number?
16:00:00.416 [main] INFO  testCases.TC_001_SFI_All_Mobile - Validation of Opinion Scale Control Title
16:00:04.983 [main] INFO  utilities.Android.UtilityCustomFunctions - [9] is selected in List
16:00:04.984 [main] INFO  testCases.TC_001_SFI_All_Mobile - Opinion Scale Control: 9Clicked
16:00:10.034 [main] INFO  testCases.TC_001_SFI_All_Mobile - Opinion Scale Next Clicked
16:00:14.928 [main] INFO  testCases.TC_001_SFI_All_Mobile - Date Conrol Present
16:00:21.897 [main] INFO  testCases.TC_001_SFI_All_Mobile - Date Value Updated to DataSheet
16:00:24.933 [main] INFO  testCases.TC_001_SFI_All_Mobile - Date Next Clicked
16:00:29.816 [main] INFO  testCases.TC_001_SFI_All_Mobile - Links Conrol Present
16:00:29.937 [main] INFO  utilities.Android.SurveyFormReUsables - Link Control Title Passed : Actual Value is: Please contact usExpected Value is: Please contact us
16:00:30.953 [main] INFO  testCases.TC_001_SFI_All_Mobile - Validation of Link Control Title  Please contact us  
16:00:30.954 [main] INFO  testCases.TC_001_SFI_All_Mobile - Multiple Links Clicked
16:00:31.646 [main] INFO  testCases.TC_001_SFI_All_Mobile - Links Next Clicked
16:00:36.691 [main] INFO  testCases.TC_001_SFI_All_Mobile - ThankYou control Present
16:00:38.162 [main] INFO  utilities.Android.SurveyFormReUsables - ThankYou Control Title Passed : Actual Value is: Nice chatting with youExpected Value is: Nice chatting with you
16:00:39.166 [main] INFO  testCases.TC_001_SFI_All_Mobile - Validation of ThankYou Control TitleNice chatting with you
16:00:39.805 [main] INFO  testCases.TC_001_SFI_All_Mobile - ThankYou Next Clicked
16:00:44.332 [main] INFO  testCases.TC_001_SFI_All_Mobile - Picture Message Control Present
16:00:45.473 [main] INFO  utilities.Android.SurveyFormReUsables - Picture Message Control Title Passed : Actual Value is: Select the picture…!Expected Value is: Select the picture…!
16:00:46.476 [main] INFO  testCases.TC_001_SFI_All_Mobile - Validation of Picture Message Control Title Select the picture…! 
